0 info it worked if it ends with ok
1 verbose cli [ '/usr/local/Cellar/node/7.2.0/bin/node',
1 verbose cli   '/usr/local/bin/npm',
1 verbose cli   'run',
1 verbose cli   'package-mac' ]
2 info using npm@3.10.9
3 info using node@v7.2.0
4 verbose run-script [ 'prepackage-mac', 'package-mac', 'postpackage-mac' ]
5 info lifecycle your-app@0.1.0~prepackage-mac: your-app@0.1.0
6 silly lifecycle your-app@0.1.0~prepackage-mac: no script for prepackage-mac, continuing
7 info lifecycle your-app@0.1.0~package-mac: your-app@0.1.0
8 verbose lifecycle your-app@0.1.0~package-mac: unsafe-perm in lifecycle true
9 verbose lifecycle your-app@0.1.0~package-mac: PATH: /usr/local/lib/node_modules/npm/bin/node-gyp-bin:/Users/michaelshatskiy/Desktop/Michael_Shatskiy/electron-app/node_modules/.bin:/usr/local/Cellar/node/7.2.0/bin:/opt/local/bin:/opt/local/sbin:/usr/local/php5/bin:/Users/michaelshatskiy/.rvm/gems/ruby-2.2.4/bin:/Users/michaelshatskiy/.rvm/gems/ruby-2.2.4@global/bin:/Users/michaelshatskiy/.rvm/rubies/ruby-2.2.4/bin:/opt/local/bin:/opt/local/sbin:/usr/bin:/bin:/usr/sbin:/sbin:/usr/local/bin:/Users/michaelshatskiy/.rvm/bin:/Users/michaelshatskiy/Library/Android/sdk/platform-tools:/Users/michaelshatskiy/Library/Android/sdk/tools:/Applications/Postgres.app/Contents/Versions/latest/bin
10 verbose lifecycle your-app@0.1.0~package-mac: CWD: /Users/michaelshatskiy/Desktop/Michael_Shatskiy/electron-app
11 silly lifecycle your-app@0.1.0~package-mac: Args: [ '-c',
11 silly lifecycle   'electron-packager . --overwrite --asar=true --platform=darwin --arch=x64 --icon=assets/icons/mac/icon.icns --prune=true --out=release-builds' ]
12 silly lifecycle your-app@0.1.0~package-mac: Returned: code: 1  signal: null
13 info lifecycle your-app@0.1.0~package-mac: Failed to exec package-mac script
14 verbose stack Error: your-app@0.1.0 package-mac: `electron-packager . --overwrite --asar=true --platform=darwin --arch=x64 --icon=assets/icons/mac/icon.icns --prune=true --out=release-builds`
14 verbose stack Exit status 1
14 verbose stack     at EventEmitter.<anonymous> (/usr/local/lib/node_modules/npm/lib/utils/lifecycle.js:255:16)
14 verbose stack     at emitTwo (events.js:106:13)
14 verbose stack     at EventEmitter.emit (events.js:191:7)
14 verbose stack     at ChildProcess.<anonymous> (/usr/local/lib/node_modules/npm/lib/utils/spawn.js:40:14)
14 verbose stack     at emitTwo (events.js:106:13)
14 verbose stack     at ChildProcess.emit (events.js:191:7)
14 verbose stack     at maybeClose (internal/child_process.js:885:16)
14 verbose stack     at Process.ChildProcess._handle.onexit (internal/child_process.js:226:5)
15 verbose pkgid your-app@0.1.0
16 verbose cwd /Users/michaelshatskiy/Desktop/Michael_Shatskiy/electron-app
17 error Darwin 17.2.0
18 error argv "/usr/local/Cellar/node/7.2.0/bin/node" "/usr/local/bin/npm" "run" "package-mac"
19 error node v7.2.0
20 error npm  v3.10.9
21 error code ELIFECYCLE
22 error your-app@0.1.0 package-mac: `electron-packager . --overwrite --asar=true --platform=darwin --arch=x64 --icon=assets/icons/mac/icon.icns --prune=true --out=release-builds`
22 error Exit status 1
23 error Failed at the your-app@0.1.0 package-mac script 'electron-packager . --overwrite --asar=true --platform=darwin --arch=x64 --icon=assets/icons/mac/icon.icns --prune=true --out=release-builds'.
23 error Make sure you have the latest version of node.js and npm installed.
23 error If you do, this is most likely a problem with the your-app package,
23 error not with npm itself.
23 error Tell the author that this fails on your system:
23 error     electron-packager . --overwrite --asar=true --platform=darwin --arch=x64 --icon=assets/icons/mac/icon.icns --prune=true --out=release-builds
23 error You can get information on how to open an issue for this project with:
23 error     npm bugs your-app
23 error Or if that isn't available, you can get their info via:
23 error     npm owner ls your-app
23 error There is likely additional logging output above.
24 verbose exit [ 1, true ]
